\BOOKMARK [0][-]{dummy.1}{\376\377\000A\000c\000k\000n\000o\000w\000l\000e\000d\000g\000e\000m\000e\000n\000t\000s}{}
\BOOKMARK [0][-]{dummy.2}{\376\377\000C\000o\000n\000t\000e\000n\000t\000s}{}
\BOOKMARK [0][-]{dummy.4}{\376\377\000L\000i\000s\000t\000\040\000o\000f\000\040\000F\000i\000g\000u\000r\000e\000s}{}
\BOOKMARK [0][-]{dummy.6}{\376\377\000L\000i\000s\000t\000\040\000o\000f\000\040\000T\000a\000b\000l\000e\000s}{}
\BOOKMARK [0][-]{chapter.8}{\376\377\0001\000\040\000I\000n\000t\000r\000o\000d\000u\000c\000t\000i\000o\000n}{}
\BOOKMARK [1][-]{section.9}{\376\377\0001\000.\0001\000\040\000I\000n\000t\000r\000o\000d\000u\000c\000t\000i\000o\000n}{chapter.8}
\BOOKMARK [1][-]{section.11}{\376\377\0001\000.\0002\000\040\000N\000o\000d\000e\000\040\000M\000o\000b\000i\000l\000i\000t\000y}{chapter.8}
\BOOKMARK [1][-]{section.21}{\376\377\0001\000.\0003\000\040\000N\000e\000t\000w\000o\000r\000k\000\040\000M\000o\000d\000e\000l}{chapter.8}
\BOOKMARK [2][-]{subsection.22}{\376\377\0001\000.\0003\000.\0001\000\040\000N\000o\000d\000e\000\040\000L\000o\000c\000a\000l\000i\000t\000y\000\040\000S\000e\000t\000s}{section.21}
\BOOKMARK [2][-]{subsection.23}{\376\377\0001\000.\0003\000.\0002\000\040\000N\000o\000d\000e\000\040\000R\000e\000a\000c\000h\000a\000b\000i\000l\000i\000t\000y}{section.21}
\BOOKMARK [1][-]{section.24}{\376\377\0001\000.\0004\000\040\000P\000r\000o\000b\000l\000e\000m\000\040\000F\000o\000r\000m\000u\000l\000a\000t\000i\000o\000n}{chapter.8}
\BOOKMARK [1][-]{section.34}{\376\377\0001\000.\0005\000\040\000T\000h\000e\000s\000i\000s\000\040\000O\000r\000g\000a\000n\000i\000z\000a\000t\000i\000o\000n\000\040\000a\000n\000d\000\040\000C\000o\000n\000t\000r\000i\000b\000u\000t\000i\000o\000n}{chapter.8}
\BOOKMARK [1][-]{section.39}{\376\377\0001\000.\0006\000\040\000C\000o\000n\000c\000l\000u\000d\000i\000n\000g\000\040\000R\000e\000m\000a\000r\000k\000s}{chapter.8}
\BOOKMARK [0][-]{chapter.40}{\376\377\0002\000\040\000A\000l\000g\000o\000r\000i\000t\000h\000m\000i\000c\000\040\000A\000s\000p\000e\000c\000t\000s\000\040\000o\000f\000\040\000k\000-\000T\000r\000e\000e\000s}{}
\BOOKMARK [1][-]{section.41}{\376\377\0002\000.\0001\000\040\000G\000r\000a\000p\000h\000\040\000N\000o\000t\000a\000t\000i\000o\000n}{chapter.40}
\BOOKMARK [1][-]{section.42}{\376\377\0002\000.\0002\000\040\000k\000-\000T\000r\000e\000e\000s\000\040\000a\000n\000d\000\040\000P\000a\000r\000t\000i\000a\000l\000\040\000k\000-\000T\000r\000e\000e\000s}{chapter.40}
\BOOKMARK [1][-]{section.65}{\376\377\0002\000.\0003\000\040\000D\000y\000n\000a\000m\000i\000c\000\040\000P\000r\000o\000g\000r\000a\000m\000m\000i\000n\000g\000\040\000o\000n\000\040\000P\000a\000r\000t\000i\000a\000l\000\040\000k\000-\000T\000r\000e\000e\000s}{chapter.40}
\BOOKMARK [1][-]{section.87}{\376\377\0002\000.\0004\000\040\000S\000e\000t\000\040\000P\000a\000r\000t\000i\000t\000i\000o\000n\000s}{chapter.40}
\BOOKMARK [1][-]{section.90}{\376\377\0002\000.\0005\000\040\000F\000i\000n\000d\000i\000n\000g\000\040\000G\000o\000o\000d\000\040\000P\000a\000r\000t\000i\000a\000l\000\040\000k\000-\000T\000r\000e\000e\000\040\000S\000u\000b\000g\000r\000a\000p\000h\000s}{chapter.40}
\BOOKMARK [1][-]{section.95}{\376\377\0002\000.\0006\000\040\000C\000o\000n\000c\000l\000u\000d\000i\000n\000g\000\040\000R\000e\000m\000a\000r\000k\000s}{chapter.40}
\BOOKMARK [0][-]{chapter.96}{\376\377\0003\000\040\000P\000r\000o\000b\000a\000b\000i\000l\000i\000s\000t\000i\000c\000\040\000C\000o\000n\000n\000e\000c\000t\000i\000v\000i\000t\000y\000\040\000o\000f\000\040\000T\000r\000e\000e\000\040\000N\000e\000t\000w\000o\000r\000k\000s}{}
\BOOKMARK [1][-]{section.97}{\376\377\0003\000.\0001\000\040\000S\000y\000s\000t\000e\000m\000\040\000M\000o\000d\000e\000l}{chapter.96}
\BOOKMARK [1][-]{section.98}{\376\377\0003\000.\0002\000\040\000O\000v\000e\000r\000v\000i\000e\000w\000\040\000o\000f\000\040\000t\000h\000e\000\040\000A\000l\000g\000o\000r\000i\000t\000h\000m}{chapter.96}
\BOOKMARK [1][-]{section.104}{\376\377\0003\000.\0003\000\040\000M\000a\000i\000n\000\040\000S\000t\000e\000p\000s}{chapter.96}
\BOOKMARK [1][-]{section.105}{\376\377\0003\000.\0004\000\040\000C\000o\000r\000r\000e\000c\000t\000n\000e\000s\000s}{chapter.96}
\BOOKMARK [1][-]{section.109}{\376\377\0003\000.\0005\000\040\000R\000u\000n\000n\000i\000n\000g\000\040\000T\000i\000m\000e}{chapter.96}
\BOOKMARK [1][-]{section.112}{\376\377\0003\000.\0006\000\040\000S\000i\000m\000u\000l\000a\000t\000i\000o\000n\000\040\000R\000e\000s\000u\000l\000t\000s}{chapter.96}
\BOOKMARK [1][-]{section.113}{\376\377\0003\000.\0007\000\040\000C\000o\000n\000c\000l\000u\000d\000i\000n\000g\000\040\000R\000e\000m\000a\000r\000k\000s}{chapter.96}
\BOOKMARK [0][-]{chapter.114}{\376\377\0004\000\040\000T\000h\000e\000\040\000A\000-\000C\000O\000N\000N\000\040\000P\000r\000o\000b\000l\000e\000m\000\040\000o\000n\000\040\000P\000a\000r\000t\000i\000a\000l\000\040\000k\000-\000t\000r\000e\000e\000s}{}
\BOOKMARK [1][-]{section.115}{\376\377\0004\000.\0001\000\040\000O\000v\000e\000r\000v\000i\000e\000w\000\040\000o\000f\000\040\000t\000h\000e\000\040\000A\000l\000g\000o\000r\000i\000t\000h\000m}{chapter.114}
\BOOKMARK [1][-]{section.126}{\376\377\0004\000.\0002\000\040\000A\000l\000g\000o\000r\000i\000t\000h\000m\000\040\000O\000r\000g\000a\000n\000i\000z\000a\000t\000i\000o\000n}{chapter.114}
\BOOKMARK [2][-]{subsection.127}{\376\377\0004\000.\0002\000.\0001\000\040\000F\000u\000n\000c\000t\000i\000o\000n\000\040\000M\000a\000i\000n}{section.126}
\BOOKMARK [2][-]{subsection.145}{\376\377\0004\000.\0002\000.\0002\000\040\000F\000u\000n\000c\000t\000i\000o\000n\000\040\000T\000a\000b\000l\000e\000\040\000M\000e\000r\000g\000e}{section.126}
\BOOKMARK [2][-]{subsection.160}{\376\377\0004\000.\0002\000.\0003\000\040\000F\000u\000n\000c\000t\000i\000o\000n\000\040\000P\000a\000r\000t\000i\000t\000i\000o\000n\000\040\000M\000e\000r\000g\000e\000\040}{section.126}
\BOOKMARK [1][-]{section.177}{\376\377\0004\000.\0003\000\040\000E\000x\000a\000m\000p\000l\000e\000\040\000T\000a\000b\000l\000e\000s}{chapter.114}
\BOOKMARK [1][-]{section.182}{\376\377\0004\000.\0004\000\040\000C\000o\000r\000r\000e\000c\000t\000n\000e\000s\000s}{chapter.114}
\BOOKMARK [1][-]{section.184}{\376\377\0004\000.\0005\000\040\000R\000u\000n\000n\000i\000n\000g\000\040\000t\000i\000m\000e}{chapter.114}
\BOOKMARK [1][-]{section.188}{\376\377\0004\000.\0006\000\040\000S\000o\000f\000t\000w\000a\000r\000e\000\040\000V\000e\000r\000i\000f\000i\000c\000a\000t\000i\000o\000n}{chapter.114}
\BOOKMARK [1][-]{section.194}{\376\377\0004\000.\0007\000\040\000S\000i\000m\000u\000l\000a\000t\000i\000o\000n\000\040\000R\000e\000s\000u\000l\000t\000s}{chapter.114}
\BOOKMARK [1][-]{section.211}{\376\377\0004\000.\0008\000\040\000C\000o\000n\000c\000l\000u\000d\000i\000n\000g\000\040\000R\000e\000m\000a\000r\000k\000s}{chapter.114}
\BOOKMARK [0][-]{chapter.212}{\376\377\0005\000\040\000N\000e\000t\000w\000o\000r\000k\000s\000\040\000w\000i\000t\000h\000\040\000R\000e\000l\000a\000y\000s}{}
\BOOKMARK [1][-]{section.213}{\376\377\0005\000.\0001\000\040\000O\000v\000e\000r\000v\000i\000e\000w\000\040\000o\000f\000\040\000t\000h\000e\000\040\000E\000x\000t\000e\000n\000s\000i\000o\000n\000s}{chapter.212}
\BOOKMARK [1][-]{section.214}{\376\377\0005\000.\0002\000\040\000T\000h\000e\000\040\000\040\000A\000R\000-\000C\000O\000N\000N\000\040\000\040\000A\000l\000g\000o\000r\000i\000t\000h\000m}{chapter.212}
\BOOKMARK [2][-]{subsection.215}{\376\377\0005\000.\0002\000.\0001\000\040\000\040\000A\000R\000-\000C\000O\000N\000N\000\040\000\040\000S\000t\000a\000t\000e\000\040\000T\000y\000p\000e\000s}{section.214}
\BOOKMARK [2][-]{subsection.219}{\376\377\0005\000.\0002\000.\0002\000\040\000I\000n\000i\000t\000i\000a\000l\000i\000z\000i\000n\000g\000\040\000T\000a\000b\000l\000e\000s}{section.214}
\BOOKMARK [2][-]{subsection.222}{\376\377\0005\000.\0002\000.\0003\000\040\000M\000e\000r\000g\000i\000n\000g\000\040\000\040\000A\000R\000-\000C\000O\000N\000N\000\040\000\040\000S\000t\000a\000t\000e\000\040\000T\000y\000p\000e\000s}{section.214}
\BOOKMARK [2][-]{subsection.223}{\376\377\0005\000.\0002\000.\0004\000\040\000R\000e\000m\000o\000v\000i\000n\000g\000\040\000B\000a\000d\000\040\000S\000t\000a\000t\000e\000\040\000T\000y\000p\000e\000s}{section.214}
\BOOKMARK [2][-]{subsection.224}{\376\377\0005\000.\0002\000.\0005\000\040\000O\000b\000t\000a\000i\000n\000i\000n\000g\000\040\000F\000i\000n\000a\000l\000\040\000R\000e\000s\000u\000l\000t}{section.214}
\BOOKMARK [2][-]{subsection.225}{\376\377\0005\000.\0002\000.\0006\000\040\000R\000u\000n\000n\000i\000n\000g\000\040\000T\000i\000m\000e}{section.214}
\BOOKMARK [1][-]{section.229}{\376\377\0005\000.\0003\000\040\000\040\000A\000R\000-\000C\000O\000N\000N\000\040\000\040\000S\000i\000m\000u\000l\000a\000t\000i\000o\000n\000\040\000R\000e\000s\000u\000l\000t\000s}{chapter.212}
\BOOKMARK [1][-]{section.238}{\376\377\0005\000.\0004\000\040\000T\000h\000e\000\040\000\040\000S\000R\000-\000C\000O\000N\000N\000\040\000\040\000A\000l\000g\000o\000r\000i\000t\000h\000m}{chapter.212}
\BOOKMARK [2][-]{subsection.239}{\376\377\0005\000.\0004\000.\0001\000\040\000\040\000S\000R\000-\000C\000O\000N\000N\000\040\000\040\000S\000t\000a\000t\000e\000\040\000T\000y\000p\000e\000s}{section.238}
\BOOKMARK [2][-]{subsection.243}{\376\377\0005\000.\0004\000.\0002\000\040\000I\000n\000i\000t\000i\000a\000l\000i\000z\000i\000n\000g\000\040\000T\000a\000b\000l\000e\000s}{section.238}
\BOOKMARK [2][-]{subsection.244}{\376\377\0005\000.\0004\000.\0003\000\040\000M\000e\000r\000g\000i\000n\000g\000\040\000\040\000S\000R\000-\000C\000O\000N\000N\000\040\000\040\000S\000t\000a\000t\000e\000\040\000T\000y\000p\000e\000s}{section.238}
\BOOKMARK [2][-]{subsection.245}{\376\377\0005\000.\0004\000.\0004\000\040\000B\000a\000d\000\040\000S\000t\000a\000t\000e\000\040\000T\000y\000p\000e\000s}{section.238}
\BOOKMARK [2][-]{subsection.246}{\376\377\0005\000.\0004\000.\0005\000\040\000O\000b\000t\000a\000i\000n\000i\000n\000g\000\040\000F\000i\000n\000a\000l\000\040\000R\000e\000s\000u\000l\000t}{section.238}
\BOOKMARK [2][-]{subsection.247}{\376\377\0005\000.\0004\000.\0006\000\040\000R\000u\000n\000n\000i\000n\000g\000\040\000T\000i\000m\000e}{section.238}
\BOOKMARK [1][-]{section.251}{\376\377\0005\000.\0005\000\040\000\040\000S\000R\000-\000C\000O\000N\000N\000\040\000\040\000S\000i\000m\000u\000l\000a\000t\000i\000o\000n\000\040\000R\000e\000s\000u\000l\000t\000s}{chapter.212}
\BOOKMARK [1][-]{section.253}{\376\377\0005\000.\0006\000\040\000C\000o\000n\000c\000l\000u\000d\000i\000n\000g\000\040\000R\000e\000m\000a\000r\000k\000s}{chapter.212}
\BOOKMARK [0][-]{chapter.254}{\376\377\0006\000\040\000C\000o\000n\000c\000l\000u\000d\000i\000n\000g\000\040\000R\000e\000m\000a\000r\000k\000s}{}
